Copyright 1986-2022 Xilinx, Inc. All Rights Reserved. Copyright 2022-2025 Advanced Micro Devices, Inc. All Rights Reserved.
---------------------------------------------------------------------------------------------------------------------------------------------
| Tool Version : Vivado v.2025.1 (win64) Build 6140274 Thu May 22 00:12:29 MDT 2025
| Date         : Fri Jul  4 22:41:24 2025
| Host         : Nikola running 64-bit major release  (build 9200)
| Command      : report_control_sets -verbose -file control_path_control_sets_placed.rpt
| Design       : control_path
| Device       : xc7z010
---------------------------------------------------------------------------------------------------------------------------------------------

Control Set Information

Table of Contents
-----------------
1. Summary
2. Histogram
3. Flip-Flop Distribution
4. Detailed Control Set Information

1. Summary
----------

+----------------------------------------------------------+-------+
|                          Status                          | Count |
+----------------------------------------------------------+-------+
| Total control sets                                       |    11 |
|    Minimum number of control sets                        |    11 |
|    Addition due to synthesis replication                 |     0 |
|    Addition due to physical synthesis replication        |     0 |
| Unused register locations in slices containing registers |    20 |
+----------------------------------------------------------+-------+
* Control sets can be merged at opt_design using control_set_merge or merge_equivalent_drivers
** Run report_qor_suggestions for automated merging and remapping suggestions


2. Histogram
------------

+--------------------+-------+
|       Fanout       | Count |
+--------------------+-------+
| Total control sets |    11 |
| >= 0 to < 4        |     0 |
| >= 4 to < 6        |     0 |
| >= 6 to < 8        |     1 |
| >= 8 to < 10       |     1 |
| >= 10 to < 12      |     2 |
| >= 12 to < 14      |     2 |
| >= 14 to < 16      |     0 |
| >= 16              |     5 |
+--------------------+-------+
* Control sets can be remapped at either synth_design or opt_design


3. Flip-Flop Distribution
-------------------------

+--------------+-----------------------+------------------------+-----------------+--------------+
| Clock Enable | Synchronous Set/Reset | Asynchronous Set/Reset | Total Registers | Total Slices |
+--------------+-----------------------+------------------------+-----------------+--------------+
| No           | No                    | No                     |               0 |            0 |
| No           | No                    | Yes                    |              69 |           22 |
| No           | Yes                   | No                     |               0 |            0 |
| Yes          | No                    | No                     |               0 |            0 |
| Yes          | No                    | Yes                    |             183 |           62 |
| Yes          | Yes                   | No                     |               0 |            0 |
+--------------+-----------------------+------------------------+-----------------+--------------+


4. Detailed Control Set Information
-----------------------------------

+--------------+----------------------------+------------------+------------------+----------------+--------------+
| Clock Signal |        Enable Signal       | Set/Reset Signal | Slice Load Count | Bel Load Count | Bels / Slice |
+--------------+----------------------------+------------------+------------------+----------------+--------------+
|  clk         | max_x_next                 | reset            |                4 |              7 |         1.75 |
|  clk         | min_x_reg[31]_i_1_n_0      | reset            |                3 |              8 |         2.67 |
|  clk         | y_reg[5]_i_1_n_0           | reset            |                2 |             11 |         5.50 |
|  clk         | x_reg[5]_i_1_n_0           | reset            |                3 |             11 |         3.67 |
|  clk         | j_reg[3]_i_1_n_0           | reset            |                4 |             13 |         3.25 |
|  clk         | i_reg[3]_i_1_n_0           | reset            |                4 |             13 |         3.25 |
|  clk         | mask_reg[23]_i_1_n_0       | reset            |               12 |             24 |         2.00 |
|  clk         | pixel_mask_reg[23]_i_1_n_0 | reset            |               11 |             24 |         2.18 |
|  clk         | pixel_reg[23]_i_1_n_0      | reset            |                9 |             24 |         2.67 |
|  clk         | upper_next                 | reset            |               10 |             48 |         4.80 |
|  clk         |                            | reset            |               22 |             69 |         3.14 |
+--------------+----------------------------+------------------+------------------+----------------+--------------+


